[19:36:09] [main/INFO]: Environment: authHost='https://authserver.mojang.com', accountsHost='https://api.mojang.com', sessionHost='https://sessionserver.mojang.com', name='PROD'
[19:36:10] [main/INFO]: Reloading ResourceManager: Default, bukkit
[19:36:11] [Worker-Main-14/INFO]: Loaded 7 recipes
[19:36:13] [Server thread/INFO]: Starting minecraft server version 1.16.1
[19:36:13] [Server thread/INFO]: Loading properties
[19:36:13] [Server thread/INFO]: This server is running CraftBukkit version git-Spigot-0287a20-7560f5f (MC: 1.16.1) (Implementing API version 1.16.1-R0.1-SNAPSHOT)
[19:36:13] [Server thread/INFO]: Debug logging is disabled
[19:36:13] [Server thread/INFO]: Server Ping Player Sample Count: 12
[19:36:13] [Server thread/INFO]: Using 4 threads for Netty based IO
[19:36:13] [Server thread/INFO]: Default game type: SURVIVAL
[19:36:13] [Server thread/INFO]: Generating keypair
[19:36:13] [Server thread/INFO]: Starting Minecraft server on 0.0.0.0:25565
[19:36:13] [Server thread/INFO]: Using epoll channel type
[19:36:14] [Server thread/INFO]: [LuckPerms] Loading LuckPerms v5.1.84
[19:36:17] [ForkJoinPool-3-worker-45/INFO]: [LuckPerms] It is safe to ignore any warning printed following this message starting with 'WARNING: An illegal reflective access operation has occurred, Illegal reflective access by me.lucko.luckperms.common.dependencies.classloader.ReflectionClassLoader'. This is intended, and will not have any impact on the operation of LuckPerms.
[19:36:19] [Server thread/INFO]: [Vault] Loading Vault v1.7.3-b131
[19:36:19] [Server thread/INFO]: [Essentials] Loading Essentials v2.18.0.10
[19:36:19] [Server thread/INFO]: [EssentialsSpawn] Loading EssentialsSpawn v2.18.0.10
[19:36:19] [Server thread/INFO]: [EssentialsChat] Loading EssentialsChat v2.18.0.10
[19:36:19] [Server thread/INFO]: [LuckPerms] Enabling LuckPerms v5.1.84
[19:36:19] [Server thread/INFO]: [0;36;1m       [0;36;22m __    [m
[19:36:19] [Server thread/INFO]: [0;36;1m  |    [0;36;22m|__)   [0;32;22mLuckPerms [0;36;1mv5.1.84[m
[19:36:19] [Server thread/INFO]: [0;36;1m  |___ [0;36;22m|      [0;30;1mRunning on Bukkit - CraftBukkit[m
[19:36:19] [Server thread/INFO]: [m
[19:36:19] [Server thread/INFO]: [LuckPerms] Loading configuration...
[19:36:21] [Server thread/INFO]: [LuckPerms] Loading storage provider... [H2]
[19:36:23] [Server thread/INFO]: [LuckPerms] Loading internal permission managers...
[19:36:23] [Server thread/INFO]: [LuckPerms] Performing initial data load...
[19:36:23] [Server thread/INFO]: [LuckPerms] Successfully enabled. (took 3914ms)
[19:36:23] [Server thread/INFO]: [Vault] Enabling Vault v1.7.3-b131
[19:36:23] [Server thread/WARN]: [Vault] Loaded class com.earth2me.essentials.api.Economy from Essentials v2.18.0.10 which is not a depend, softdepend or loadbefore of this plugin.
[19:36:23] [Server thread/INFO]: [Vault] [Economy] Essentials Economy found: Waiting
[19:36:23] [Server thread/INFO]: [Vault] [Permission] SuperPermissions loaded as backup permission system.
[19:36:23] [Server thread/INFO]: [Vault] Enabled Version 1.7.3-b131
[19:36:23] [Server thread/INFO]: [LuckPerms] Registered Vault permission & chat hook.
[19:36:23] [Server thread/INFO]: Preparing level "world"
[19:36:24] [Server thread/INFO]: -------- World Settings For [world] --------
[19:36:24] [Server thread/INFO]: Experience Merge Radius: 3.0
[19:36:24] [Server thread/INFO]: Mob Spawn Range: 6
[19:36:24] [Server thread/INFO]: Cactus Growth Modifier: 100%
[19:36:24] [Server thread/INFO]: Cane Growth Modifier: 100%
[19:36:24] [Server thread/INFO]: Melon Growth Modifier: 100%
[19:36:24] [Server thread/INFO]: Mushroom Growth Modifier: 100%
[19:36:24] [Server thread/INFO]: Pumpkin Growth Modifier: 100%
[19:36:24] [Server thread/INFO]: Sapling Growth Modifier: 100%
[19:36:24] [Server thread/INFO]: Beetroot Growth Modifier: 100%
[19:36:24] [Server thread/INFO]: Carrot Growth Modifier: 100%
[19:36:24] [Server thread/INFO]: Potato Growth Modifier: 100%
[19:36:24] [Server thread/INFO]: Wheat Growth Modifier: 100%
[19:36:24] [Server thread/INFO]: NetherWart Growth Modifier: 100%
[19:36:24] [Server thread/INFO]: Vine Growth Modifier: 100%
[19:36:24] [Server thread/INFO]: Cocoa Growth Modifier: 100%
[19:36:24] [Server thread/INFO]: Bamboo Growth Modifier: 100%
[19:36:24] [Server thread/INFO]: SweetBerry Growth Modifier: 100%
[19:36:24] [Server thread/INFO]: Kelp Growth Modifier: 100%
[19:36:24] [Server thread/INFO]: Entity Activation Range: An 32 / Mo 32 / Ra 48 / Mi 16 / Tiv true
[19:36:24] [Server thread/INFO]: Hopper Transfer: 8 Hopper Check: 1 Hopper Amount: 1
[19:36:24] [Server thread/INFO]: Custom Map Seeds:  Village: 10387312 Desert: 14357617 Igloo: 14357618 Jungle: 14357619 Swamp: 14357620 Monument: 10387313 Ocean: 14357621 Shipwreck: 165745295 End City: 10387313 Slime: 987234911 Bastion: 30084232 Fortress: 30084232 Mansion: 10387319 Fossil: 14357921 Portal: 34222645
[19:36:24] [Server thread/INFO]: Max TNT Explosions: 100
[19:36:24] [Server thread/INFO]: Tile Max Tick Time: 50ms Entity max Tick Time: 50ms
[19:36:24] [Server thread/INFO]: Entity Tracking Range: Pl 48 / An 48 / Mo 48 / Mi 32 / Other 64
[19:36:24] [Server thread/INFO]: Allow Zombie Pigmen to spawn from portal blocks: true
[19:36:24] [Server thread/INFO]: Item Despawn Rate: 6000
[19:36:24] [Server thread/INFO]: Item Merge Radius: 2.5
[19:36:24] [Server thread/INFO]: View Distance: 10
[19:36:24] [Server thread/INFO]: Arrow Despawn Rate: 1200 Trident Respawn Rate:1200
[19:36:24] [Server thread/INFO]: Zombie Aggressive Towards Villager: true
[19:36:24] [Server thread/INFO]: Nerfing mobs spawned from spawners: false
[19:36:24] [Server thread/INFO]: -------- World Settings For [world_nether] --------
[19:36:24] [Server thread/INFO]: Experience Merge Radius: 3.0
[19:36:24] [Server thread/INFO]: Mob Spawn Range: 6
[19:36:24] [Server thread/INFO]: Cactus Growth Modifier: 100%
[19:36:24] [Server thread/INFO]: Cane Growth Modifier: 100%
[19:36:24] [Server thread/INFO]: Melon Growth Modifier: 100%
[19:36:24] [Server thread/INFO]: Mushroom Growth Modifier: 100%
[19:36:24] [Server thread/INFO]: Pumpkin Growth Modifier: 100%
[19:36:24] [Server thread/INFO]: Sapling Growth Modifier: 100%
[19:36:24] [Server thread/INFO]: Beetroot Growth Modifier: 100%
[19:36:24] [Server thread/INFO]: Carrot Growth Modifier: 100%
[19:36:24] [Server thread/INFO]: Potato Growth Modifier: 100%
[19:36:24] [Server thread/INFO]: Wheat Growth Modifier: 100%
[19:36:24] [Server thread/INFO]: NetherWart Growth Modifier: 100%
[19:36:24] [Server thread/INFO]: Vine Growth Modifier: 100%
[19:36:24] [Server thread/INFO]: Cocoa Growth Modifier: 100%
[19:36:24] [Server thread/INFO]: Bamboo Growth Modifier: 100%
[19:36:24] [Server thread/INFO]: SweetBerry Growth Modifier: 100%
[19:36:24] [Server thread/INFO]: Kelp Growth Modifier: 100%
[19:36:24] [Server thread/INFO]: Entity Activation Range: An 32 / Mo 32 / Ra 48 / Mi 16 / Tiv true
[19:36:24] [Server thread/INFO]: Hopper Transfer: 8 Hopper Check: 1 Hopper Amount: 1
[19:36:24] [Server thread/INFO]: Custom Map Seeds:  Village: 10387312 Desert: 14357617 Igloo: 14357618 Jungle: 14357619 Swamp: 14357620 Monument: 10387313 Ocean: 14357621 Shipwreck: 165745295 End City: 10387313 Slime: 987234911 Bastion: 30084232 Fortress: 30084232 Mansion: 10387319 Fossil: 14357921 Portal: 34222645
[19:36:24] [Server thread/INFO]: Max TNT Explosions: 100
[19:36:24] [Server thread/INFO]: Tile Max Tick Time: 50ms Entity max Tick Time: 50ms
[19:36:24] [Server thread/INFO]: Entity Tracking Range: Pl 48 / An 48 / Mo 48 / Mi 32 / Other 64
[19:36:24] [Server thread/INFO]: Allow Zombie Pigmen to spawn from portal blocks: true
[19:36:24] [Server thread/INFO]: Item Despawn Rate: 6000
[19:36:24] [Server thread/INFO]: Item Merge Radius: 2.5
[19:36:24] [Server thread/INFO]: View Distance: 10
[19:36:24] [Server thread/INFO]: Arrow Despawn Rate: 1200 Trident Respawn Rate:1200
[19:36:24] [Server thread/INFO]: Zombie Aggressive Towards Villager: true
[19:36:24] [Server thread/INFO]: Nerfing mobs spawned from spawners: false
[19:36:24] [Server thread/INFO]: -------- World Settings For [world_the_end] --------
[19:36:24] [Server thread/INFO]: Experience Merge Radius: 3.0
[19:36:24] [Server thread/INFO]: Mob Spawn Range: 6
[19:36:24] [Server thread/INFO]: Cactus Growth Modifier: 100%
[19:36:24] [Server thread/INFO]: Cane Growth Modifier: 100%
[19:36:24] [Server thread/INFO]: Melon Growth Modifier: 100%
[19:36:24] [Server thread/INFO]: Mushroom Growth Modifier: 100%
[19:36:24] [Server thread/INFO]: Pumpkin Growth Modifier: 100%
[19:36:24] [Server thread/INFO]: Sapling Growth Modifier: 100%
[19:36:24] [Server thread/INFO]: Beetroot Growth Modifier: 100%
[19:36:24] [Server thread/INFO]: Carrot Growth Modifier: 100%
[19:36:24] [Server thread/INFO]: Potato Growth Modifier: 100%
[19:36:24] [Server thread/INFO]: Wheat Growth Modifier: 100%
[19:36:24] [Server thread/INFO]: NetherWart Growth Modifier: 100%
[19:36:24] [Server thread/INFO]: Vine Growth Modifier: 100%
[19:36:24] [Server thread/INFO]: Cocoa Growth Modifier: 100%
[19:36:24] [Server thread/INFO]: Bamboo Growth Modifier: 100%
[19:36:24] [Server thread/INFO]: SweetBerry Growth Modifier: 100%
[19:36:24] [Server thread/INFO]: Kelp Growth Modifier: 100%
[19:36:24] [Server thread/INFO]: Entity Activation Range: An 32 / Mo 32 / Ra 48 / Mi 16 / Tiv true
[19:36:24] [Server thread/INFO]: Hopper Transfer: 8 Hopper Check: 1 Hopper Amount: 1
[19:36:24] [Server thread/INFO]: Custom Map Seeds:  Village: 10387312 Desert: 14357617 Igloo: 14357618 Jungle: 14357619 Swamp: 14357620 Monument: 10387313 Ocean: 14357621 Shipwreck: 165745295 End City: 10387313 Slime: 987234911 Bastion: 30084232 Fortress: 30084232 Mansion: 10387319 Fossil: 14357921 Portal: 34222645
[19:36:24] [Server thread/INFO]: Max TNT Explosions: 100
[19:36:24] [Server thread/INFO]: Tile Max Tick Time: 50ms Entity max Tick Time: 50ms
[19:36:24] [Server thread/INFO]: Entity Tracking Range: Pl 48 / An 48 / Mo 48 / Mi 32 / Other 64
[19:36:24] [Server thread/INFO]: Allow Zombie Pigmen to spawn from portal blocks: true
[19:36:24] [Server thread/INFO]: Item Despawn Rate: 6000
[19:36:24] [Server thread/INFO]: Item Merge Radius: 2.5
[19:36:24] [Server thread/INFO]: View Distance: 10
[19:36:24] [Server thread/INFO]: Arrow Despawn Rate: 1200 Trident Respawn Rate:1200
[19:36:24] [Server thread/INFO]: Zombie Aggressive Towards Villager: true
[19:36:24] [Server thread/INFO]: Nerfing mobs spawned from spawners: false
[19:36:24] [Server thread/INFO]: Preparing start region for dimension minecraft:overworld
[19:36:26] [Server thread/INFO]: Preparing spawn area: 0%
[19:36:26] [Server thread/INFO]: Preparing spawn area: 0%
[19:36:26] [Server thread/INFO]: Preparing spawn area: 0%
[19:36:26] [Server thread/INFO]: Preparing spawn area: 0%
[19:36:26] [Server thread/INFO]: Preparing spawn area: 7%
[19:36:28] [Worker-Main-12/INFO]: Preparing spawn area: 83%
[19:36:28] [Worker-Main-11/INFO]: Preparing spawn area: 83%
[19:36:28] [Worker-Main-13/INFO]: Preparing spawn area: 83%
[19:36:28] [Worker-Main-11/INFO]: Preparing spawn area: 85%
[19:36:28] [Worker-Main-10/INFO]: Preparing spawn area: 85%
[19:36:29] [Worker-Main-11/INFO]: Preparing spawn area: 85%
[19:36:29] [Worker-Main-13/INFO]: Preparing spawn area: 92%
[19:36:30] [Server thread/INFO]: Time elapsed: 5902 ms
[19:36:30] [Server thread/INFO]: Preparing start region for dimension minecraft:the_nether
[19:36:31] [Server thread/INFO]: Preparing spawn area: 0%
[19:36:31] [Server thread/INFO]: Preparing spawn area: 0%
[19:36:31] [Server thread/INFO]: Preparing spawn area: 20%
[19:36:31] [Worker-Main-12/INFO]: Preparing spawn area: 83%
[19:36:32] [Worker-Main-10/INFO]: Preparing spawn area: 83%
[19:36:32] [Worker-Main-12/INFO]: Preparing spawn area: 87%
[19:36:33] [Worker-Main-11/INFO]: Preparing spawn area: 97%
[19:36:33] [Server thread/INFO]: Time elapsed: 3119 ms
[19:36:33] [Server thread/INFO]: Preparing start region for dimension minecraft:the_end
[19:36:33] [Server thread/INFO]: Preparing spawn area: 0%
[19:36:33] [Worker-Main-11/INFO]: Preparing spawn area: 83%
[19:36:34] [Server thread/INFO]: Time elapsed: 792 ms
[19:36:34] [Server thread/INFO]: [Essentials] Enabling Essentials v2.18.0.10
[19:36:34] [Server thread/INFO]: Creating config from template: /home/leualemax/workspace/arcadia/minecraft-server/plugins/Essentials/config.yml
[19:36:34] [Server thread/INFO]: Creating config from template: /home/leualemax/workspace/arcadia/minecraft-server/plugins/Essentials/kits.yml
[19:36:34] [Server thread/INFO]: Attempting to convert old kits in config.yml to new kits.yml
[19:36:34] [Server thread/INFO]: No kits found to migrate.
[19:36:34] [pool-8-thread-1/INFO]: Creating empty config: /home/leualemax/workspace/arcadia/minecraft-server/plugins/Essentials/upgrades-done.yml
[19:36:34] [Server thread/INFO]: [Essentials] Starting Essentials ban format conversion
[19:36:34] [Server thread/INFO]: [Essentials] Starting usermap repair
[19:36:34] [Server thread/WARN]: [Essentials] Missing userdata folder, aborting
[19:36:34] [Server thread/INFO]: Attempting to migrate ignore list to UUIDs
[19:36:34] [Server thread/INFO]: Creating config from template: /home/leualemax/workspace/arcadia/minecraft-server/plugins/Essentials/worth.yml
[19:36:34] [Server thread/INFO]: Creating config from template: /home/leualemax/workspace/arcadia/minecraft-server/plugins/Essentials/tpr.yml
[19:36:34] [Server thread/INFO]: Loaded 25515 items from items.json.
[19:36:34] [Server thread/INFO]: Creating config from template: /home/leualemax/workspace/arcadia/minecraft-server/plugins/Essentials/custom_items.yml
[19:36:34] [Server thread/INFO]: Using locale en
[19:36:34] [Server thread/INFO]: [Essentials] ServerListPingEvent: Spigot iterator API
[19:36:34] [Server thread/INFO]: [Essentials] Starting Metrics. Opt-out using the global bStats config.
[19:36:34] [Server thread/INFO]: [Vault] [Economy] Essentials Economy hooked.
[19:36:34] [Server thread/INFO]: [Essentials] Using Vault based permissions (LuckPerms)
[19:36:34] [Server thread/INFO]: [EssentialsSpawn] Enabling EssentialsSpawn v2.18.0.10
[19:36:34] [Server thread/INFO]: [EssentialsSpawn] Starting Metrics. Opt-out using the global bStats config.
[19:36:34] [Server thread/INFO]: [EssentialsChat] Enabling EssentialsChat v2.18.0.10
[19:36:34] [Server thread/INFO]: [EssentialsChat] Starting Metrics. Opt-out using the global bStats config.
[19:36:34] [Server thread/INFO]: Server permissions file permissions.yml is empty, ignoring it
[19:36:34] [Server thread/INFO]: Done (10.732s)! For help, type "help"
[19:36:34] [Server thread/INFO]: Starting remote control listener
[19:36:34] [Server thread/INFO]: Thread RCON Listener started
[19:36:34] [RCON Listener #1/INFO]: RCON running on 0.0.0.0:25575
[19:36:34] [Craft Scheduler Thread - 2/INFO]: [Vault] Checking for Updates ... 
[19:36:35] [Craft Scheduler Thread - 2/INFO]: [Vault] No new version available
